0 info it worked if it ends with ok
1 verbose cli [ '/usr/local/Cellar/node/6.2.2/bin/node',
1 verbose cli   '/usr/local/bin/npm',
1 verbose cli   'run',
1 verbose cli   'dev' ]
2 info using npm@3.9.5
3 info using node@v6.2.2
4 verbose run-script [ 'predev', 'dev', 'postdev' ]
5 info lifecycle gatsby-starter-blog@1.0.0~predev: gatsby-starter-blog@1.0.0
6 silly lifecycle gatsby-starter-blog@1.0.0~predev: no script for predev, continuing
7 info lifecycle gatsby-starter-blog@1.0.0~dev: gatsby-starter-blog@1.0.0
8 verbose lifecycle gatsby-starter-blog@1.0.0~dev: unsafe-perm in lifecycle true
9 verbose lifecycle gatsby-starter-blog@1.0.0~dev: PATH: /usr/local/lib/node_modules/npm/bin/node-gyp-bin:/Users/Abe/projects/krasa/node_modules/.bin:/usr/local/Cellar/node/6.2.2/bin:/usr/local/heroku/bin:/usr/local/bin:/usr/local/sbin:~/bin:/Users/Abe/.rbenv/bin:/Users/Abe/.rbenv/shims:/usr/local/bin:/usr/bin:/bin:/usr/sbin:/sbin:/opt/X11/bin:/usr/local/mysql/bin
10 verbose lifecycle gatsby-starter-blog@1.0.0~dev: CWD: /Users/Abe/projects/krasa
11 silly lifecycle gatsby-starter-blog@1.0.0~dev: Args: [ '-c', 'gatsby develop' ]
12 silly lifecycle gatsby-starter-blog@1.0.0~dev: Returned: code: 1  signal: null
13 info lifecycle gatsby-starter-blog@1.0.0~dev: Failed to exec dev script
14 verbose stack Error: gatsby-starter-blog@1.0.0 dev: `gatsby develop`
14 verbose stack Exit status 1
14 verbose stack     at EventEmitter.<anonymous> (/usr/local/lib/node_modules/npm/lib/utils/lifecycle.js:245:16)
14 verbose stack     at emitTwo (events.js:106:13)
14 verbose stack     at EventEmitter.emit (events.js:191:7)
14 verbose stack     at ChildProcess.<anonymous> (/usr/local/lib/node_modules/npm/lib/utils/spawn.js:24:14)
14 verbose stack     at emitTwo (events.js:106:13)
14 verbose stack     at ChildProcess.emit (events.js:191:7)
14 verbose stack     at maybeClose (internal/child_process.js:852:16)
14 verbose stack     at Process.ChildProcess._handle.onexit (internal/child_process.js:215:5)
15 verbose pkgid gatsby-starter-blog@1.0.0
16 verbose cwd /Users/Abe/projects/krasa
17 error Darwin 15.5.0
18 error argv "/usr/local/Cellar/node/6.2.2/bin/node" "/usr/local/bin/npm" "run" "dev"
19 error node v6.2.2
20 error npm  v3.9.5
21 error code ELIFECYCLE
22 error gatsby-starter-blog@1.0.0 dev: `gatsby develop`
22 error Exit status 1
23 error Failed at the gatsby-starter-blog@1.0.0 dev script 'gatsby develop'.
23 error Make sure you have the latest version of node.js and npm installed.
23 error If you do, this is most likely a problem with the gatsby-starter-blog package,
23 error not with npm itself.
23 error Tell the author that this fails on your system:
23 error     gatsby develop
23 error You can get information on how to open an issue for this project with:
23 error     npm bugs gatsby-starter-blog
23 error Or if that isn't available, you can get their info via:
23 error     npm owner ls gatsby-starter-blog
23 error There is likely additional logging output above.
24 verbose exit [ 1, true ]
